2022-10-10 11:06:10,255 [INFO] Starting CategoryControllerTest using Java 17.0.3 on LAPTOP-02R1L6SL with PID 18272 (started by Chacko Tom in C:\Users\Chacko Tom\Documents\workspace-spring-tool-suite-4-4.15.1.RELEASE\CategorySoftware)
2022-10-10 11:06:10,270 [INFO] No active profile set, falling back to 1 default profile: "default"
2022-10-10 11:06:11,449 [INFO] Bootstrapping Spring Data MongoDB repositories in DEFAULT mode.
2022-10-10 11:06:11,529 [INFO] Finished Spring Data repository scanning in 71 ms. Found 1 MongoDB repository interfaces.
2022-10-10 11:06:12,326 [INFO] MongoClient with metadata {"driver": {"name": "mongo-java-driver|sync|spring-boot", "version": "4.6.1"}, "os": {"type": "Windows", "name": "Windows 11", "architecture": "amd64", "version": "10.0"}, "platform": "Java/Eclipse Adoptium/17.0.3+7"} created with settings MongoClientSettings{readPreference=primary, writeConcern=WriteConcern{w=null, wTimeout=null ms, journal=null}, retryWrites=true, retryReads=true, readConcern=ReadConcern{level=null}, credential=null, streamFactoryFactory=null, commandListeners=[], codecRegistry=ProvidersCodecRegistry{codecProviders=[ValueCodecProvider{}, BsonValueCodecProvider{}, DBRefCodecProvider{}, DBObjectCodecProvider{}, DocumentCodecProvider{}, IterableCodecProvider{}, MapCodecProvider{}, GeoJsonCodecProvider{}, GridFSFileCodecProvider{}, Jsr310CodecProvider{}, JsonObjectCodecProvider{}, BsonCodecProvider{}, EnumCodecProvider{}, com.mongodb.Jep395RecordCodecProvider@694dc99b]}, clusterSettings={hosts=[localhost:27017], srvServiceName=mongodb, mode=SINGLE, requiredClusterType=UNKNOWN, requiredReplicaSetName='null', serverSelector='null', clusterListeners='[]', serverSelectionTimeout='30000 ms', localThreshold='30000 ms'}, socketSettings=SocketSettings{connectTimeoutMS=10000, readTimeoutMS=0, receiveBufferSize=0, sendBufferSize=0}, heartbeatSocketSettings=SocketSettings{connectTimeoutMS=10000, readTimeoutMS=10000, receiveBufferSize=0, sendBufferSize=0}, connectionPoolSettings=ConnectionPoolSettings{maxSize=100, minSize=0, maxWaitTimeMS=120000, maxConnectionLifeTimeMS=0, maxConnectionIdleTimeMS=0, maintenanceInitialDelayMS=0, maintenanceFrequencyMS=60000, connectionPoolListeners=[], maxConnecting=2}, serverSettings=ServerSettings{heartbeatFrequencyMS=10000, minHeartbeatFrequencyMS=500, serverListeners='[]', serverMonitorListeners='[]'}, sslSettings=SslSettings{enabled=false, invalidHostNameAllowed=false, context=null}, applicationName='null', compressorList=[], uuidRepresentation=JAVA_LEGACY, serverApi=null, autoEncryptionSettings=null, contextProvider=null}
2022-10-10 11:06:12,347 [INFO] Opened connection [connectionId{localValue:1, serverValue:293}] to localhost:27017
2022-10-10 11:06:12,347 [INFO] Opened connection [connectionId{localValue:2, serverValue:294}] to localhost:27017
2022-10-10 11:06:12,347 [INFO] Monitor thread successfully connected to server with description ServerDescription{address=localhost:27017, type=STANDALONE, state=CONNECTED, ok=true, minWireVersion=0, maxWireVersion=13, maxDocumentSize=16777216, logicalSessionTimeoutMinutes=30, roundTripTimeNanos=33328100}
2022-10-10 11:06:15,159 [INFO] Initializing Spring TestDispatcherServlet ''
2022-10-10 11:06:15,159 [INFO] Initializing Servlet ''
2022-10-10 11:06:15,160 [INFO] Completed initialization in 1 ms
2022-10-10 11:06:15,202 [INFO] Started CategoryControllerTest in 5.639 seconds (JVM running for 8.329)
2022-10-10 11:06:16,494 [INFO] Initializing Spring TestDispatcherServlet ''
2022-10-10 11:06:16,495 [INFO] Initializing Servlet ''
2022-10-10 11:06:16,495 [INFO] Completed initialization in 0 ms
2022-10-10 11:06:16,636 [INFO] Controller fetch category starts
2022-10-10 11:06:16,647 [INFO] Controller fetch category ends with response: [Category(id=id1, levelId=1, levelName=internal, createdBy=u1212, createdTime=2022-10-10T11:06:16.510419700, lastUpdatedBy=u1212, lastUpdatedTime=2022-10-10T11:06:16.510419700, levels=null), Category(id=id2, levelId=2, levelName=external, createdBy=u1212, createdTime=2022-10-10T11:06:16.510419700, lastUpdatedBy=u1212, lastUpdatedTime=2022-10-10T11:06:16.510419700, levels=null)]
2022-10-10 11:06:16,889 [INFO] Initializing Spring TestDispatcherServlet ''
2022-10-10 11:06:16,889 [INFO] Initializing Servlet ''
2022-10-10 11:06:16,889 [INFO] Completed initialization in 0 ms
2022-10-10 11:06:17,115 [INFO] Save Controller Entry
2022-10-10 11:06:17,118 [INFO] Save Controller Exit
2022-10-10 11:08:09,448 [INFO] Starting CategoryControllerTest using Java 17.0.3 on LAPTOP-02R1L6SL with PID 19792 (started by Chacko Tom in C:\Users\Chacko Tom\Documents\workspace-spring-tool-suite-4-4.15.1.RELEASE\CategorySoftware)
2022-10-10 11:08:09,449 [INFO] No active profile set, falling back to 1 default profile: "default"
2022-10-10 11:08:10,411 [INFO] Bootstrapping Spring Data MongoDB repositories in DEFAULT mode.
2022-10-10 11:08:10,480 [INFO] Finished Spring Data repository scanning in 61 ms. Found 1 MongoDB repository interfaces.
2022-10-10 11:08:11,118 [INFO] MongoClient with metadata {"driver": {"name": "mongo-java-driver|sync|spring-boot", "version": "4.6.1"}, "os": {"type": "Windows", "name": "Windows 11", "architecture": "amd64", "version": "10.0"}, "platform": "Java/Eclipse Adoptium/17.0.3+7"} created with settings MongoClientSettings{readPreference=primary, writeConcern=WriteConcern{w=null, wTimeout=null ms, journal=null}, retryWrites=true, retryReads=true, readConcern=ReadConcern{level=null}, credential=null, streamFactoryFactory=null, commandListeners=[], codecRegistry=ProvidersCodecRegistry{codecProviders=[ValueCodecProvider{}, BsonValueCodecProvider{}, DBRefCodecProvider{}, DBObjectCodecProvider{}, DocumentCodecProvider{}, IterableCodecProvider{}, MapCodecProvider{}, GeoJsonCodecProvider{}, GridFSFileCodecProvider{}, Jsr310CodecProvider{}, JsonObjectCodecProvider{}, BsonCodecProvider{}, EnumCodecProvider{}, com.mongodb.Jep395RecordCodecProvider@5f7eee96]}, clusterSettings={hosts=[localhost:27017], srvServiceName=mongodb, mode=SINGLE, requiredClusterType=UNKNOWN, requiredReplicaSetName='null', serverSelector='null', clusterListeners='[]', serverSelectionTimeout='30000 ms', localThreshold='30000 ms'}, socketSettings=SocketSettings{connectTimeoutMS=10000, readTimeoutMS=0, receiveBufferSize=0, sendBufferSize=0}, heartbeatSocketSettings=SocketSettings{connectTimeoutMS=10000, readTimeoutMS=10000, receiveBufferSize=0, sendBufferSize=0}, connectionPoolSettings=ConnectionPoolSettings{maxSize=100, minSize=0, maxWaitTimeMS=120000, maxConnectionLifeTimeMS=0, maxConnectionIdleTimeMS=0, maintenanceInitialDelayMS=0, maintenanceFrequencyMS=60000, connectionPoolListeners=[], maxConnecting=2}, serverSettings=ServerSettings{heartbeatFrequencyMS=10000, minHeartbeatFrequencyMS=500, serverListeners='[]', serverMonitorListeners='[]'}, sslSettings=SslSettings{enabled=false, invalidHostNameAllowed=false, context=null}, applicationName='null', compressorList=[], uuidRepresentation=JAVA_LEGACY, serverApi=null, autoEncryptionSettings=null, contextProvider=null}
2022-10-10 11:08:11,132 [INFO] Opened connection [connectionId{localValue:1, serverValue:296}] to localhost:27017
2022-10-10 11:08:11,132 [INFO] Opened connection [connectionId{localValue:2, serverValue:295}] to localhost:27017
2022-10-10 11:08:11,132 [INFO] Monitor thread successfully connected to server with description ServerDescription{address=localhost:27017, type=STANDALONE, state=CONNECTED, ok=true, minWireVersion=0, maxWireVersion=13, maxDocumentSize=16777216, logicalSessionTimeoutMinutes=30, roundTripTimeNanos=22218600}
2022-10-10 11:08:34,240 [INFO] Initializing Spring TestDispatcherServlet ''
2022-10-10 11:08:34,241 [INFO] Initializing Servlet ''
2022-10-10 11:08:34,243 [INFO] Completed initialization in 1 ms
2022-10-10 11:08:34,280 [INFO] Started CategoryControllerTest in 25.325 seconds (JVM running for 27.261)
2022-10-10 11:08:35,357 [INFO] Initializing Spring TestDispatcherServlet ''
2022-10-10 11:08:35,357 [INFO] Initializing Servlet ''
2022-10-10 11:08:38,586 [INFO] Completed initialization in 3229 ms
2022-10-10 11:08:38,674 [WARN] No mapping for GET /api/catalog/fetch-category
2022-10-10 11:08:38,728 [INFO] Initializing Spring TestDispatcherServlet ''
2022-10-10 11:08:38,728 [INFO] Initializing Servlet ''
2022-10-10 11:08:39,887 [INFO] Completed initialization in 1159 ms
2022-10-10 11:08:39,922 [WARN] No mapping for POST /api/catalog/add-category
2022-10-10 11:09:05,776 [INFO] Starting CategoryControllerTest using Java 17.0.3 on LAPTOP-02R1L6SL with PID 15548 (started by Chacko Tom in C:\Users\Chacko Tom\Documents\workspace-spring-tool-suite-4-4.15.1.RELEASE\CategorySoftware)
2022-10-10 11:09:05,777 [INFO] No active profile set, falling back to 1 default profile: "default"
2022-10-10 11:09:06,928 [INFO] Bootstrapping Spring Data MongoDB repositories in DEFAULT mode.
2022-10-10 11:09:07,010 [INFO] Finished Spring Data repository scanning in 70 ms. Found 1 MongoDB repository interfaces.
2022-10-10 11:09:08,089 [INFO] MongoClient with metadata {"driver": {"name": "mongo-java-driver|sync|spring-boot", "version": "4.6.1"}, "os": {"type": "Windows", "name": "Windows 11", "architecture": "amd64", "version": "10.0"}, "platform": "Java/Eclipse Adoptium/17.0.3+7"} created with settings MongoClientSettings{readPreference=primary, writeConcern=WriteConcern{w=null, wTimeout=null ms, journal=null}, retryWrites=true, retryReads=true, readConcern=ReadConcern{level=null}, credential=null, streamFactoryFactory=null, commandListeners=[], codecRegistry=ProvidersCodecRegistry{codecProviders=[ValueCodecProvider{}, BsonValueCodecProvider{}, DBRefCodecProvider{}, DBObjectCodecProvider{}, DocumentCodecProvider{}, IterableCodecProvider{}, MapCodecProvider{}, GeoJsonCodecProvider{}, GridFSFileCodecProvider{}, Jsr310CodecProvider{}, JsonObjectCodecProvider{}, BsonCodecProvider{}, EnumCodecProvider{}, com.mongodb.Jep395RecordCodecProvider@257da215]}, clusterSettings={hosts=[localhost:27017], srvServiceName=mongodb, mode=SINGLE, requiredClusterType=UNKNOWN, requiredReplicaSetName='null', serverSelector='null', clusterListeners='[]', serverSelectionTimeout='30000 ms', localThreshold='30000 ms'}, socketSettings=SocketSettings{connectTimeoutMS=10000, readTimeoutMS=0, receiveBufferSize=0, sendBufferSize=0}, heartbeatSocketSettings=SocketSettings{connectTimeoutMS=10000, readTimeoutMS=10000, receiveBufferSize=0, sendBufferSize=0}, connectionPoolSettings=ConnectionPoolSettings{maxSize=100, minSize=0, maxWaitTimeMS=120000, maxConnectionLifeTimeMS=0, maxConnectionIdleTimeMS=0, maintenanceInitialDelayMS=0, maintenanceFrequencyMS=60000, connectionPoolListeners=[], maxConnecting=2}, serverSettings=ServerSettings{heartbeatFrequencyMS=10000, minHeartbeatFrequencyMS=500, serverListeners='[]', serverMonitorListeners='[]'}, sslSettings=SslSettings{enabled=false, invalidHostNameAllowed=false, context=null}, applicationName='null', compressorList=[], uuidRepresentation=JAVA_LEGACY, serverApi=null, autoEncryptionSettings=null, contextProvider=null}
2022-10-10 11:09:08,132 [INFO] Opened connection [connectionId{localValue:1, serverValue:298}] to localhost:27017
2022-10-10 11:09:08,132 [INFO] Opened connection [connectionId{localValue:2, serverValue:297}] to localhost:27017
2022-10-10 11:09:08,133 [INFO] Monitor thread successfully connected to server with description ServerDescription{address=localhost:27017, type=STANDALONE, state=CONNECTED, ok=true, minWireVersion=0, maxWireVersion=13, maxDocumentSize=16777216, logicalSessionTimeoutMinutes=30, roundTripTimeNanos=63859600}
2022-10-10 11:09:12,061 [INFO] Initializing Spring TestDispatcherServlet ''
2022-10-10 11:09:12,062 [INFO] Initializing Servlet ''
2022-10-10 11:09:12,064 [INFO] Completed initialization in 2 ms
2022-10-10 11:09:12,109 [INFO] Started CategoryControllerTest in 7.011 seconds (JVM running for 9.722)
2022-10-10 11:09:13,195 [INFO] Initializing Spring TestDispatcherServlet ''
2022-10-10 11:09:13,196 [INFO] Initializing Servlet ''
2022-10-10 11:09:13,197 [INFO] Completed initialization in 0 ms
2022-10-10 11:09:13,325 [WARN] No mapping for GET /api/catalog/fetch-category
2022-10-10 11:09:13,405 [INFO] Initializing Spring TestDispatcherServlet ''
2022-10-10 11:09:13,405 [INFO] Initializing Servlet ''
2022-10-10 11:09:13,405 [INFO] Completed initialization in 0 ms
2022-10-10 11:09:13,485 [WARN] No mapping for POST /api/catalog/add-category
